<?xml version="1.0" encoding="UTF-8"?>
<!-- Generated by org.testng.reporters.JUnitReportReporter -->
<testsuite skipped="0" hostname="DESKTOP-9AI1JJT" name="org.com.selenium.Testing" tests="1" failures="0" timestamp="17 Jan 2022 14:58:25 GMT" time="0.028" errors="0">
  <testcase name="tc1" time="0.028" classname="org.com.selenium.Testing"/>
</testsuite> <!-- org.com.selenium.Testing -->
