<?xml version="1.0" encoding="UTF-8"?>
<!-- Generated by org.testng.reporters.JUnitReportReporter -->
<testsuite skipped="0" hostname="DESKTOP-9AI1JJT" name="org.com.selenium.Test1" tests="1" failures="0" timestamp="2022-01-22T15:17:38 IST" time="28.279" errors="0">
  <testcase name="tc1" time="28.279" classname="org.com.selenium.Test1"/>
  <system-out/>
</testsuite> <!-- org.com.selenium.Test1 -->
