<?xml version="1.0" encoding="UTF-8"?>
<!-- Generated by org.testng.reporters.JUnitReportReporter -->
<testsuite skipped="0" hostname="DESKTOP-9AI1JJT" name="org.com.login.Hotel" tests="1" failures="0" timestamp="2022-01-20T23:35:08 IST" time="37.047" errors="0">
  <testcase name="tc1" time="37.047" classname="org.com.login.Hotel"/>
  <system-out/>
</testsuite> <!-- org.com.login.Hotel -->
